<?xml version="1.0" encoding="UTF-8"?>
<coverage generated="1719916646990" clover="3.2.0">
  <project timestamp="1719916646990" name="All files">
    <metrics statements="41" coveredstatements="41" conditionals="9" coveredconditionals="9" methods="8" coveredmethods="8" elements="58" coveredelements="58" complexity="0" loc="41" ncloc="41" packages="3" files="4" classes="4"/>
    <package name="events">
      <metrics statements="11" coveredstatements="11" conditionals="2" coveredconditionals="2" methods="2" coveredmethods="2"/>
      <file name="payment.js" path="/Users/kleberfreire/Courses/js_expert_HQ/curso-js-expert/modulo07-Behavioral/behivioral/02.observer/src/events/payment.js">
        <metrics statements="11" coveredstatements="11" conditionals="2" coveredconditionals="2" methods="2" coveredmethods="2"/>
        <line num="1" count="1" type="cond" truecount="2" falsecount="0"/>
        <line num="2" count="2" type="stmt"/>
        <line num="3" count="2" type="stmt"/>
        <line num="4" count="2" type="stmt"/>
        <line num="5" count="2" type="stmt"/>
        <line num="6" count="1" type="stmt"/>
        <line num="7" count="1" type="stmt"/>
        <line num="8" count="1" type="stmt"/>
        <line num="9" count="1" type="stmt"/>
        <line num="10" count="1" type="stmt"/>
        <line num="11" count="1" type="stmt"/>
      </file>
    </package>
    <package name="observers">
      <metrics statements="13" coveredstatements="13" conditionals="2" coveredconditionals="2" methods="2" coveredmethods="2"/>
      <file name="marketing.js" path="/Users/kleberfreire/Courses/js_expert_HQ/curso-js-expert/modulo07-Behavioral/behivioral/02.observer/src/observers/marketing.js">
        <metrics statements="8" coveredstatements="8" conditionals="1" coveredconditionals="1" methods="1" coveredmethods="1"/>
        <line num="1" count="1" type="cond" truecount="1" falsecount="0"/>
        <line num="2" count="1" type="stmt"/>
        <line num="3" count="1" type="stmt"/>
        <line num="4" count="1" type="stmt"/>
        <line num="5" count="1" type="stmt"/>
        <line num="6" count="1" type="stmt"/>
        <line num="7" count="1" type="stmt"/>
        <line num="8" count="1" type="stmt"/>
      </file>
      <file name="shipment.js" path="/Users/kleberfreire/Courses/js_expert_HQ/curso-js-expert/modulo07-Behavioral/behivioral/02.observer/src/observers/shipment.js">
        <metrics statements="5" coveredstatements="5" conditionals="1" coveredconditionals="1" methods="1" coveredmethods="1"/>
        <line num="1" count="1" type="cond" truecount="1" falsecount="0"/>
        <line num="2" count="1" type="stmt"/>
        <line num="3" count="1" type="stmt"/>
        <line num="4" count="1" type="stmt"/>
        <line num="5" count="1" type="stmt"/>
      </file>
    </package>
    <package name="subjects">
      <metrics statements="17" coveredstatements="17" conditionals="5" coveredconditionals="5" methods="4" coveredmethods="4"/>
      <file name="paymentSubject.js" path="/Users/kleberfreire/Courses/js_expert_HQ/curso-js-expert/modulo07-Behavioral/behivioral/02.observer/src/subjects/paymentSubject.js">
        <metrics statements="17" coveredstatements="17" conditionals="5" coveredconditionals="5" methods="4" coveredmethods="4"/>
        <line num="1" count="4" type="cond" truecount="3" falsecount="0"/>
        <line num="2" count="3" type="stmt"/>
        <line num="3" count="4" type="stmt"/>
        <line num="4" count="4" type="cond" truecount="1" falsecount="0"/>
        <line num="5" count="4" type="cond" truecount="1" falsecount="0"/>
        <line num="6" count="1" type="stmt"/>
        <line num="7" count="1" type="stmt"/>
        <line num="8" count="1" type="stmt"/>
        <line num="9" count="1" type="stmt"/>
        <line num="10" count="1" type="stmt"/>
        <line num="11" count="1" type="stmt"/>
        <line num="12" count="1" type="stmt"/>
        <line num="13" count="1" type="stmt"/>
        <line num="14" count="1" type="stmt"/>
        <line num="15" count="1" type="stmt"/>
        <line num="16" count="1" type="stmt"/>
        <line num="17" count="1" type="stmt"/>
      </file>
    </package>
  </project>
</coverage>
