{"/Users/kleberfreire/Courses/js_expert_HQ/curso-js-expert/modulo07-Design Patterns PT 02 - Behavioural and Structural Design Patterns/structural/05.adapter/src/business/adpters/rickAndMortyBRLAdapter.js": {"path":"/Users/kleberfreire/Courses/js_expert_HQ/curso-js-expert/modulo07-Design Patterns PT 02 - Behavioural and Structural Design Patterns/structural/05.adapter/src/business/adpters/rickAndMortyBRLAdapter.js","all":false,"statementMap":{"0":{"start":{"line":1,"column":0},"end":{"line":1,"column":65}},"1":{"start":{"line":2,"column":0},"end":{"line":2,"column":0}},"2":{"start":{"line":3,"column":0},"end":{"line":3,"column":45}},"3":{"start":{"line":4,"column":0},"end":{"line":4,"column":32}},"4":{"start":{"line":5,"column":0},"end":{"line":5,"column":69}},"5":{"start":{"line":6,"column":0},"end":{"line":6,"column":22}},"6":{"start":{"line":7,"column":0},"end":{"line":7,"column":3}},"7":{"start":{"line":8,"column":0},"end":{"line":8,"column":1}}},"s":{"0":1,"1":1,"2":1,"3":1,"4":1,"5":1,"6":1,"7":1},"branchMap":{"0":{"type":"branch","line":1,"loc":{"start":{"line":1,"column":28},"end":{"line":5,"column":10}},"locations":[{"start":{"line":1,"column":28},"end":{"line":5,"column":10}}]}},"b":{"0":[1]},"fnMap":{"0":{"name":"getCharacters","decl":{"start":{"line":1,"column":28},"end":{"line":5,"column":10}},"loc":{"start":{"line":1,"column":28},"end":{"line":5,"column":10}},"line":1}},"f":{"0":1}}
,"/Users/kleberfreire/Courses/js_expert_HQ/curso-js-expert/modulo07-Design Patterns PT 02 - Behavioural and Structural Design Patterns/structural/05.adapter/src/business/adpters/rickAndMortyUSAAdapter.js": {"path":"/Users/kleberfreire/Courses/js_expert_HQ/curso-js-expert/modulo07-Design Patterns PT 02 - Behavioural and Structural Design Patterns/structural/05.adapter/src/business/adpters/rickAndMortyUSAAdapter.js","all":false,"statementMap":{"0":{"start":{"line":1,"column":0},"end":{"line":1,"column":65}},"1":{"start":{"line":2,"column":0},"end":{"line":2,"column":0}},"2":{"start":{"line":3,"column":0},"end":{"line":3,"column":45}},"3":{"start":{"line":4,"column":0},"end":{"line":4,"column":32}},"4":{"start":{"line":5,"column":0},"end":{"line":5,"column":68}},"5":{"start":{"line":6,"column":0},"end":{"line":6,"column":22}},"6":{"start":{"line":7,"column":0},"end":{"line":7,"column":3}},"7":{"start":{"line":8,"column":0},"end":{"line":8,"column":1}}},"s":{"0":1,"1":1,"2":1,"3":1,"4":1,"5":1,"6":1,"7":1},"branchMap":{"0":{"type":"branch","line":1,"loc":{"start":{"line":1,"column":28},"end":{"line":5,"column":10}},"locations":[{"start":{"line":1,"column":28},"end":{"line":5,"column":10}}]}},"b":{"0":[1]},"fnMap":{"0":{"name":"getCharacters","decl":{"start":{"line":1,"column":28},"end":{"line":5,"column":10}},"loc":{"start":{"line":1,"column":28},"end":{"line":5,"column":10}},"line":1}},"f":{"0":1}}
,"/Users/kleberfreire/Courses/js_expert_HQ/curso-js-expert/modulo07-Design Patterns PT 02 - Behavioural and Structural Design Patterns/structural/05.adapter/src/business/integrations/rickAndMortyBRL.js": {"path":"/Users/kleberfreire/Courses/js_expert_HQ/curso-js-expert/modulo07-Design Patterns PT 02 - Behavioural and Structural Design Patterns/structural/05.adapter/src/business/integrations/rickAndMortyBRL.js","all":false,"statementMap":{"0":{"start":{"line":1,"column":0},"end":{"line":1,"column":26}},"1":{"start":{"line":2,"column":0},"end":{"line":2,"column":52}},"2":{"start":{"line":3,"column":0},"end":{"line":3,"column":0}},"3":{"start":{"line":4,"column":0},"end":{"line":4,"column":170}},"4":{"start":{"line":5,"column":0},"end":{"line":5,"column":18}},"5":{"start":{"line":6,"column":0},"end":{"line":6,"column":0}},"6":{"start":{"line":7,"column":0},"end":{"line":7,"column":38}},"7":{"start":{"line":8,"column":0},"end":{"line":8,"column":40}},"8":{"start":{"line":9,"column":0},"end":{"line":9,"column":60}},"9":{"start":{"line":10,"column":0},"end":{"line":10,"column":54}},"10":{"start":{"line":11,"column":0},"end":{"line":11,"column":3}},"11":{"start":{"line":12,"column":0},"end":{"line":12,"column":1}}},"s":{"0":1,"1":1,"2":1,"3":1,"4":2,"5":2,"6":2,"7":2,"8":1,"9":1,"10":1,"11":1},"branchMap":{"0":{"type":"branch","line":4,"loc":{"start":{"line":4,"column":12},"end":{"line":9,"column":35}},"locations":[{"start":{"line":4,"column":12},"end":{"line":9,"column":35}}]},"1":{"type":"branch","line":9,"loc":{"start":{"line":9,"column":12},"end":{"line":9,"column":33}},"locations":[{"start":{"line":9,"column":12},"end":{"line":9,"column":33}}]}},"b":{"0":[2],"1":[9]},"fnMap":{"0":{"name":"getCharactersFromJSON","decl":{"start":{"line":4,"column":12},"end":{"line":9,"column":35}},"loc":{"start":{"line":4,"column":12},"end":{"line":9,"column":35}},"line":4}},"f":{"0":2}}
,"/Users/kleberfreire/Courses/js_expert_HQ/curso-js-expert/modulo07-Design Patterns PT 02 - Behavioural and Structural Design Patterns/structural/05.adapter/src/business/integrations/rickAndMortyUSA.js": {"path":"/Users/kleberfreire/Courses/js_expert_HQ/curso-js-expert/modulo07-Design Patterns PT 02 - Behavioural and Structural Design Patterns/structural/05.adapter/src/business/integrations/rickAndMortyUSA.js","all":false,"statementMap":{"0":{"start":{"line":1,"column":0},"end":{"line":1,"column":26}},"1":{"start":{"line":2,"column":0},"end":{"line":2,"column":44}},"2":{"start":{"line":3,"column":0},"end":{"line":3,"column":52}},"3":{"start":{"line":4,"column":0},"end":{"line":4,"column":0}},"4":{"start":{"line":5,"column":0},"end":{"line":5,"column":275}},"5":{"start":{"line":6,"column":0},"end":{"line":6,"column":17}},"6":{"start":{"line":7,"column":0},"end":{"line":7,"column":0}},"7":{"start":{"line":8,"column":0},"end":{"line":8,"column":38}},"8":{"start":{"line":9,"column":0},"end":{"line":9,"column":39}},"9":{"start":{"line":10,"column":0},"end":{"line":10,"column":42}},"10":{"start":{"line":11,"column":0},"end":{"line":11,"column":21}},"11":{"start":{"line":12,"column":0},"end":{"line":12,"column":26}},"12":{"start":{"line":13,"column":0},"end":{"line":13,"column":27}},"13":{"start":{"line":14,"column":0},"end":{"line":14,"column":6}},"14":{"start":{"line":15,"column":0},"end":{"line":15,"column":90}},"15":{"start":{"line":16,"column":0},"end":{"line":16,"column":0}},"16":{"start":{"line":17,"column":0},"end":{"line":17,"column":68}},"17":{"start":{"line":18,"column":0},"end":{"line":18,"column":2}},"18":{"start":{"line":19,"column":0},"end":{"line":19,"column":60}},"19":{"start":{"line":20,"column":0},"end":{"line":20,"column":3}},"20":{"start":{"line":21,"column":0},"end":{"line":21,"column":1}}},"s":{"0":1,"1":1,"2":1,"3":1,"4":1,"5":2,"6":2,"7":2,"8":2,"9":2,"10":2,"11":2,"12":2,"13":2,"14":2,"15":2,"16":1,"17":1,"18":1,"19":1,"20":1},"branchMap":{"0":{"type":"branch","line":5,"loc":{"start":{"line":5,"column":12},"end":{"line":17,"column":46}},"locations":[{"start":{"line":5,"column":12},"end":{"line":17,"column":46}}]},"1":{"type":"branch","line":15,"loc":{"start":{"line":15,"column":50},"end":{"line":15,"column":74}},"locations":[{"start":{"line":15,"column":50},"end":{"line":15,"column":74}}]},"2":{"type":"branch","line":15,"loc":{"start":{"line":15,"column":56},"end":{"line":15,"column":74}},"locations":[{"start":{"line":15,"column":56},"end":{"line":15,"column":74}}]},"3":{"type":"branch","line":17,"loc":{"start":{"line":17,"column":4},"end":{"line":17,"column":39}},"locations":[{"start":{"line":17,"column":4},"end":{"line":17,"column":39}}]}},"b":{"0":[2],"1":[1],"2":[1],"3":[1]},"fnMap":{"0":{"name":"getCharactersFromXML","decl":{"start":{"line":5,"column":12},"end":{"line":17,"column":46}},"loc":{"start":{"line":5,"column":12},"end":{"line":17,"column":46}},"line":5}},"f":{"0":2}}
,"/Users/kleberfreire/Courses/js_expert_HQ/curso-js-expert/modulo07-Design Patterns PT 02 - Behavioural and Structural Design Patterns/structural/05.adapter/src/entities/character.js": {"path":"/Users/kleberfreire/Courses/js_expert_HQ/curso-js-expert/modulo07-Design Patterns PT 02 - Behavioural and Structural Design Patterns/structural/05.adapter/src/entities/character.js","all":false,"statementMap":{"0":{"start":{"line":1,"column":0},"end":{"line":1,"column":32}},"1":{"start":{"line":2,"column":0},"end":{"line":2,"column":15}},"2":{"start":{"line":3,"column":0},"end":{"line":3,"column":7}},"3":{"start":{"line":4,"column":0},"end":{"line":4,"column":9}},"4":{"start":{"line":5,"column":0},"end":{"line":5,"column":11}},"5":{"start":{"line":6,"column":0},"end":{"line":6,"column":12}},"6":{"start":{"line":7,"column":0},"end":{"line":7,"column":9}},"7":{"start":{"line":8,"column":0},"end":{"line":8,"column":11}},"8":{"start":{"line":9,"column":0},"end":{"line":9,"column":11}},"9":{"start":{"line":10,"column":0},"end":{"line":10,"column":13}},"10":{"start":{"line":11,"column":0},"end":{"line":11,"column":6}},"11":{"start":{"line":12,"column":0},"end":{"line":12,"column":25}},"12":{"start":{"line":13,"column":0},"end":{"line":13,"column":21}},"13":{"start":{"line":14,"column":0},"end":{"line":14,"column":25}},"14":{"start":{"line":15,"column":0},"end":{"line":15,"column":27}},"15":{"start":{"line":16,"column":0},"end":{"line":16,"column":21}},"16":{"start":{"line":17,"column":0},"end":{"line":17,"column":25}},"17":{"start":{"line":18,"column":0},"end":{"line":18,"column":31}},"18":{"start":{"line":19,"column":0},"end":{"line":19,"column":35}},"19":{"start":{"line":20,"column":0},"end":{"line":20,"column":3}},"20":{"start":{"line":21,"column":0},"end":{"line":21,"column":1}}},"s":{"0":19,"1":19,"2":19,"3":19,"4":19,"5":19,"6":19,"7":19,"8":19,"9":19,"10":19,"11":19,"12":19,"13":19,"14":19,"15":19,"16":1,"17":1,"18":1,"19":1,"20":1},"branchMap":{"0":{"type":"branch","line":1,"loc":{"start":{"line":1,"column":0},"end":{"line":17,"column":8}},"locations":[{"start":{"line":1,"column":0},"end":{"line":17,"column":8}}]}},"b":{"0":[19]},"fnMap":{"0":{"name":"Character","decl":{"start":{"line":1,"column":0},"end":{"line":17,"column":8}},"loc":{"start":{"line":1,"column":0},"end":{"line":17,"column":8}},"line":1}},"f":{"0":19}}
}
