TN:
SF:src/business/adpters/rickAndMortyBRLAdapter.js
FN:1,getCharacters
FNF:1
FNH:1
FNDA:1,getCharacters
DA:1,1
DA:2,1
DA:3,1
DA:4,1
DA:5,1
DA:6,1
DA:7,1
DA:8,1
LF:8
LH:8
BRDA:1,0,0,1
BRF:1
BRH:1
end_of_record
TN:
SF:src/business/adpters/rickAndMortyUSAAdapter.js
FN:1,getCharacters
FNF:1
FNH:1
FNDA:1,getCharacters
DA:1,1
DA:2,1
DA:3,1
DA:4,1
DA:5,1
DA:6,1
DA:7,1
DA:8,1
LF:8
LH:8
BRDA:1,0,0,1
BRF:1
BRH:1
end_of_record
TN:
SF:src/business/integrations/rickAndMortyBRL.js
FN:4,getCharactersFromJSON
FNF:1
FNH:1
FNDA:2,getCharactersFromJSON
DA:1,1
DA:2,1
DA:3,1
DA:4,1
DA:5,2
DA:6,2
DA:7,2
DA:8,2
DA:9,1
DA:10,1
DA:11,1
DA:12,1
LF:12
LH:12
BRDA:4,0,0,2
BRDA:9,1,0,9
BRF:2
BRH:2
end_of_record
TN:
SF:src/business/integrations/rickAndMortyUSA.js
FN:5,getCharactersFromXML
FNF:1
FNH:1
FNDA:2,getCharactersFromXML
DA:1,1
DA:2,1
DA:3,1
DA:4,1
DA:5,1
DA:6,2
DA:7,2
DA:8,2
DA:9,2
DA:10,2
DA:11,2
DA:12,2
DA:13,2
DA:14,2
DA:15,2
DA:16,2
DA:17,1
DA:18,1
DA:19,1
DA:20,1
DA:21,1
LF:21
LH:21
BRDA:5,0,0,2
BRDA:15,1,0,1
BRDA:15,2,0,1
BRDA:17,3,0,1
BRF:4
BRH:4
end_of_record
TN:
SF:src/entities/character.js
FN:1,Character
FNF:1
FNH:1
FNDA:19,Character
DA:1,19
DA:2,19
DA:3,19
DA:4,19
DA:5,19
DA:6,19
DA:7,19
DA:8,19
DA:9,19
DA:10,19
DA:11,19
DA:12,19
DA:13,19
DA:14,19
DA:15,19
DA:16,19
DA:17,1
DA:18,1
DA:19,1
DA:20,1
DA:21,1
LF:21
LH:21
BRDA:1,0,0,19
BRF:1
BRH:1
end_of_record
