{"/Users/kleberfreire/Courses/js_expert_HQ/curso-js-expert/modulo07-Behavioral/behivioral/02.observer/src/events/payment.js": {"path":"/Users/kleberfreire/Courses/js_expert_HQ/curso-js-expert/modulo07-Behavioral/behivioral/02.observer/src/events/payment.js","all":false,"statementMap":{"0":{"start":{"line":1,"column":0},"end":{"line":1,"column":30}},"1":{"start":{"line":2,"column":0},"end":{"line":2,"column":31}},"2":{"start":{"line":3,"column":0},"end":{"line":3,"column":41}},"3":{"start":{"line":4,"column":0},"end":{"line":4,"column":3}},"4":{"start":{"line":5,"column":0},"end":{"line":5,"column":28}},"5":{"start":{"line":6,"column":0},"end":{"line":6,"column":85}},"6":{"start":{"line":7,"column":0},"end":{"line":7,"column":44}},"7":{"start":{"line":8,"column":0},"end":{"line":8,"column":3}},"8":{"start":{"line":9,"column":0},"end":{"line":9,"column":0}},"9":{"start":{"line":10,"column":0},"end":{"line":10,"column":0}},"10":{"start":{"line":11,"column":0},"end":{"line":11,"column":1}}},"s":{"0":1,"1":2,"2":2,"3":2,"4":2,"5":1,"6":1,"7":1,"8":1,"9":1,"10":1},"branchMap":{"0":{"type":"branch","line":1,"loc":{"start":{"line":1,"column":0},"end":{"line":1,"column":21}},"locations":[{"start":{"line":1,"column":0},"end":{"line":1,"column":21}}]},"1":{"type":"branch","line":1,"loc":{"start":{"line":1,"column":21},"end":{"line":6,"column":83}},"locations":[{"start":{"line":1,"column":21},"end":{"line":6,"column":83}}]}},"b":{"0":[2],"1":[2]},"fnMap":{"0":{"name":"Payment","decl":{"start":{"line":1,"column":0},"end":{"line":1,"column":21}},"loc":{"start":{"line":1,"column":0},"end":{"line":1,"column":21}},"line":1},"1":{"name":"creditCard","decl":{"start":{"line":1,"column":21},"end":{"line":6,"column":83}},"loc":{"start":{"line":1,"column":21},"end":{"line":6,"column":83}},"line":1}},"f":{"0":2,"1":2}}
,"/Users/kleberfreire/Courses/js_expert_HQ/curso-js-expert/modulo07-Behavioral/behivioral/02.observer/src/observers/marketing.js": {"path":"/Users/kleberfreire/Courses/js_expert_HQ/curso-js-expert/modulo07-Behavioral/behivioral/02.observer/src/observers/marketing.js","all":false,"statementMap":{"0":{"start":{"line":1,"column":0},"end":{"line":1,"column":32}},"1":{"start":{"line":2,"column":0},"end":{"line":2,"column":28}},"2":{"start":{"line":3,"column":0},"end":{"line":3,"column":93}},"3":{"start":{"line":4,"column":0},"end":{"line":4,"column":96}},"4":{"start":{"line":5,"column":0},"end":{"line":5,"column":32}},"5":{"start":{"line":6,"column":0},"end":{"line":6,"column":86}},"6":{"start":{"line":7,"column":0},"end":{"line":7,"column":5}},"7":{"start":{"line":8,"column":0},"end":{"line":8,"column":1}}},"s":{"0":1,"1":1,"2":1,"3":1,"4":1,"5":1,"6":1,"7":1},"branchMap":{"0":{"type":"branch","line":1,"loc":{"start":{"line":1,"column":0},"end":{"line":5,"column":32}},"locations":[{"start":{"line":1,"column":0},"end":{"line":5,"column":32}}]}},"b":{"0":[1]},"fnMap":{"0":{"name":"update","decl":{"start":{"line":1,"column":0},"end":{"line":5,"column":32}},"loc":{"start":{"line":1,"column":0},"end":{"line":5,"column":32}},"line":1}},"f":{"0":1}}
,"/Users/kleberfreire/Courses/js_expert_HQ/curso-js-expert/modulo07-Behavioral/behivioral/02.observer/src/observers/shipment.js": {"path":"/Users/kleberfreire/Courses/js_expert_HQ/curso-js-expert/modulo07-Behavioral/behivioral/02.observer/src/observers/shipment.js","all":false,"statementMap":{"0":{"start":{"line":1,"column":0},"end":{"line":1,"column":31}},"1":{"start":{"line":2,"column":0},"end":{"line":2,"column":28}},"2":{"start":{"line":3,"column":0},"end":{"line":3,"column":86}},"3":{"start":{"line":4,"column":0},"end":{"line":4,"column":5}},"4":{"start":{"line":5,"column":0},"end":{"line":5,"column":1}}},"s":{"0":1,"1":1,"2":1,"3":1,"4":1},"branchMap":{"0":{"type":"branch","line":1,"loc":{"start":{"line":1,"column":0},"end":{"line":2,"column":27}},"locations":[{"start":{"line":1,"column":0},"end":{"line":2,"column":27}}]}},"b":{"0":[1]},"fnMap":{"0":{"name":"update","decl":{"start":{"line":1,"column":0},"end":{"line":2,"column":27}},"loc":{"start":{"line":1,"column":0},"end":{"line":2,"column":27}},"line":1}},"f":{"0":1}}
,"/Users/kleberfreire/Courses/js_expert_HQ/curso-js-expert/modulo07-Behavioral/behivioral/02.observer/src/subjects/paymentSubject.js": {"path":"/Users/kleberfreire/Courses/js_expert_HQ/curso-js-expert/modulo07-Behavioral/behivioral/02.observer/src/subjects/paymentSubject.js","all":false,"statementMap":{"0":{"start":{"line":1,"column":0},"end":{"line":1,"column":37}},"1":{"start":{"line":2,"column":0},"end":{"line":2,"column":24}},"2":{"start":{"line":3,"column":0},"end":{"line":3,"column":24}},"3":{"start":{"line":4,"column":0},"end":{"line":4,"column":40}},"4":{"start":{"line":5,"column":0},"end":{"line":5,"column":34}},"5":{"start":{"line":6,"column":0},"end":{"line":6,"column":7}},"6":{"start":{"line":7,"column":0},"end":{"line":7,"column":3}},"7":{"start":{"line":8,"column":0},"end":{"line":8,"column":24}},"8":{"start":{"line":9,"column":0},"end":{"line":9,"column":33}},"9":{"start":{"line":10,"column":0},"end":{"line":10,"column":3}},"10":{"start":{"line":11,"column":0},"end":{"line":11,"column":0}},"11":{"start":{"line":12,"column":0},"end":{"line":12,"column":26}},"12":{"start":{"line":13,"column":0},"end":{"line":13,"column":36}},"13":{"start":{"line":14,"column":0},"end":{"line":14,"column":3}},"14":{"start":{"line":15,"column":0},"end":{"line":15,"column":0}},"15":{"start":{"line":16,"column":0},"end":{"line":16,"column":0}},"16":{"start":{"line":17,"column":0},"end":{"line":17,"column":1}}},"s":{"0":4,"1":3,"2":4,"3":4,"4":4,"5":1,"6":1,"7":1,"8":1,"9":1,"10":1,"11":1,"12":1,"13":1,"14":1,"15":1,"16":1},"branchMap":{"0":{"type":"branch","line":1,"loc":{"start":{"line":1,"column":0},"end":{"line":9,"column":18}},"locations":[{"start":{"line":1,"column":0},"end":{"line":9,"column":18}}]},"1":{"type":"branch","line":1,"loc":{"start":{"line":1,"column":0},"end":{"line":3,"column":24}},"locations":[{"start":{"line":1,"column":0},"end":{"line":3,"column":24}}]},"2":{"type":"branch","line":1,"loc":{"start":{"line":1,"column":21},"end":{"line":3,"column":21}},"locations":[{"start":{"line":1,"column":21},"end":{"line":3,"column":21}}]},"3":{"type":"branch","line":4,"loc":{"start":{"line":4,"column":4},"end":{"line":5,"column":21}},"locations":[{"start":{"line":4,"column":4},"end":{"line":5,"column":21}}]},"4":{"type":"branch","line":5,"loc":{"start":{"line":5,"column":22},"end":{"line":9,"column":18}},"locations":[{"start":{"line":5,"column":22},"end":{"line":9,"column":18}}]}},"b":{"0":[4],"1":[4],"2":[3],"3":[4],"4":[1]},"fnMap":{"0":{"name":"<instance_members_initializer>","decl":{"start":{"line":1,"column":0},"end":{"line":9,"column":18}},"loc":{"start":{"line":1,"column":0},"end":{"line":9,"column":18}},"line":1},"1":{"name":"notify","decl":{"start":{"line":1,"column":0},"end":{"line":3,"column":24}},"loc":{"start":{"line":1,"column":0},"end":{"line":3,"column":24}},"line":1},"2":{"name":"subscribe","decl":{"start":{"line":4,"column":4},"end":{"line":5,"column":21}},"loc":{"start":{"line":4,"column":4},"end":{"line":5,"column":21}},"line":4},"3":{"name":"unsubscribe","decl":{"start":{"line":5,"column":22},"end":{"line":9,"column":18}},"loc":{"start":{"line":5,"column":22},"end":{"line":9,"column":18}},"line":5}},"f":{"0":4,"1":4,"2":4,"3":1}}
}
