{"/Users/kleberfreire/Courses/js_expert_HQ/curso-js-expert/modulo05-Expressões Regulares - RegExp/aula04-projeto01-part03/test/util.test.js":{"path":"/Users/kleberfreire/Courses/js_expert_HQ/curso-js-expert/modulo05-Expressões Regulares - RegExp/aula04-projeto01-part03/test/util.test.js","statementMap":{"0":{"start":{"line":1,"column":25},"end":{"line":1,"column":41}},"1":{"start":{"line":2,"column":19},"end":{"line":2,"column":34}},"2":{"start":{"line":4,"column":45},"end":{"line":4,"column":69}},"3":{"start":{"line":7,"column":0},"end":{"line":25,"column":2}},"4":{"start":{"line":8,"column":2},"end":{"line":19,"column":4}},"5":{"start":{"line":9,"column":24},"end":{"line":9,"column":48}},"6":{"start":{"line":18,"column":4},"end":{"line":18,"column":111}},"7":{"start":{"line":18,"column":17},"end":{"line":18,"column":43}},"8":{"start":{"line":20,"column":2},"end":{"line":24,"column":4}},"9":{"start":{"line":21,"column":24},"end":{"line":21,"column":35}},"10":{"start":{"line":22,"column":4},"end":{"line":22,"column":59}},"11":{"start":{"line":22,"column":17},"end":{"line":22,"column":43}},"12":{"start":{"line":23,"column":4},"end":{"line":23,"column":47}}},"fnMap":{"0":{"name":"(anonymous_0)","decl":{"start":{"line":7,"column":17},"end":{"line":7,"column":18}},"loc":{"start":{"line":7,"column":23},"end":{"line":25,"column":1}},"line":7},"1":{"name":"(anonymous_1)","decl":{"start":{"line":8,"column":67},"end":{"line":8,"column":68}},"loc":{"start":{"line":8,"column":73},"end":{"line":19,"column":3}},"line":8},"2":{"name":"(anonymous_2)","decl":{"start":{"line":18,"column":11},"end":{"line":18,"column":12}},"loc":{"start":{"line":18,"column":17},"end":{"line":18,"column":43}},"line":18},"3":{"name":"(anonymous_3)","decl":{"start":{"line":20,"column":71},"end":{"line":20,"column":72}},"loc":{"start":{"line":20,"column":77},"end":{"line":24,"column":3}},"line":20},"4":{"name":"(anonymous_4)","decl":{"start":{"line":22,"column":11},"end":{"line":22,"column":12}},"loc":{"start":{"line":22,"column":17},"end":{"line":22,"column":43}},"line":22}},"branchMap":{},"s":{"0":1,"1":1,"2":1,"3":1,"4":1,"5":1,"6":1,"7":1,"8":1,"9":1,"10":1,"11":1,"12":1},"f":{"0":1,"1":1,"2":1,"3":1,"4":1},"b":{},"_coverageSchema":"1a1c01bbd47fc00a2c39e90264f33305004495a9","hash":"1f370711a59b0f3b9528ed35c79fcba1d6c72a3f","contentHash":"ced25d91f9c836b22f41fb3d167786e74dc0106814f3dcf972cc6d90b913b482"},"/Users/kleberfreire/Courses/js_expert_HQ/curso-js-expert/modulo05-Expressões Regulares - RegExp/aula04-projeto01-part03/src/util.js":{"path":"/Users/kleberfreire/Courses/js_expert_HQ/curso-js-expert/modulo05-Expressões Regulares - RegExp/aula04-projeto01-part03/src/util.js","statementMap":{"0":{"start":{"line":1,"column":18},"end":{"line":1,"column":39}},"1":{"start":{"line":5,"column":4},"end":{"line":5,"column":40}},"2":{"start":{"line":6,"column":4},"end":{"line":6,"column":35}},"3":{"start":{"line":10,"column":22},"end":{"line":15,"column":1}},"4":{"start":{"line":11,"column":17},"end":{"line":11,"column":31}},"5":{"start":{"line":12,"column":2},"end":{"line":12,"column":23}},"6":{"start":{"line":12,"column":13},"end":{"line":12,"column":23}},"7":{"start":{"line":14,"column":2},"end":{"line":14,"column":34}},"8":{"start":{"line":17,"column":0},"end":{"line":17,"column":51}}},"fnMap":{"0":{"name":"(anonymous_0)","decl":{"start":{"line":4,"column":2},"end":{"line":4,"column":3}},"loc":{"start":{"line":4,"column":19},"end":{"line":7,"column":3}},"line":4},"1":{"name":"(anonymous_1)","decl":{"start":{"line":10,"column":22},"end":{"line":10,"column":23}},"loc":{"start":{"line":10,"column":31},"end":{"line":15,"column":1}},"line":10}},"branchMap":{"0":{"loc":{"start":{"line":12,"column":2},"end":{"line":12,"column":23}},"type":"if","locations":[{"start":{"line":12,"column":2},"end":{"line":12,"column":23}},{"start":{"line":12,"column":2},"end":{"line":12,"column":23}}],"line":12}},"s":{"0":1,"1":1,"2":1,"3":1,"4":3,"5":3,"6":2,"7":1,"8":1},"f":{"0":1,"1":3},"b":{"0":[2,1]},"_coverageSchema":"1a1c01bbd47fc00a2c39e90264f33305004495a9","hash":"1bed59fcfa0ac1a4360b73eb3523eaf1e6e21ded","contentHash":"899f62e920a3ea5d6744cf33cca1f5b4b3ed8cfa177c848b7c639ca62b39db9e"}}