{"/Users/kleberfreire/Courses/js_expert_HQ/curso-js-expert/modulo07-Behavioral/behivioral/03.template-method/src/business/orderBusiness.js": {"path":"/Users/kleberfreire/Courses/js_expert_HQ/curso-js-expert/modulo07-Behavioral/behivioral/03.template-method/src/business/orderBusiness.js","all":false,"statementMap":{"0":{"start":{"line":1,"column":0},"end":{"line":1,"column":47}},"1":{"start":{"line":2,"column":0},"end":{"line":2,"column":0}},"2":{"start":{"line":3,"column":0},"end":{"line":3,"column":57}},"3":{"start":{"line":4,"column":0},"end":{"line":4,"column":20}},"4":{"start":{"line":5,"column":0},"end":{"line":5,"column":34}},"5":{"start":{"line":6,"column":0},"end":{"line":6,"column":53}},"6":{"start":{"line":7,"column":0},"end":{"line":7,"column":3}},"7":{"start":{"line":8,"column":0},"end":{"line":8,"column":18}},"8":{"start":{"line":9,"column":0},"end":{"line":9,"column":26}},"9":{"start":{"line":10,"column":0},"end":{"line":10,"column":15}},"10":{"start":{"line":11,"column":0},"end":{"line":11,"column":3}},"11":{"start":{"line":12,"column":0},"end":{"line":12,"column":0}},"12":{"start":{"line":13,"column":0},"end":{"line":13,"column":1}}},"s":{"0":2,"1":2,"2":2,"3":2,"4":2,"5":1,"6":1,"7":1,"8":1,"9":1,"10":1,"11":1,"12":1},"branchMap":{"0":{"type":"branch","line":1,"loc":{"start":{"line":1,"column":0},"end":{"line":6,"column":46}},"locations":[{"start":{"line":1,"column":0},"end":{"line":6,"column":46}}]},"1":{"type":"branch","line":1,"loc":{"start":{"line":1,"column":25},"end":{"line":5,"column":25}},"locations":[{"start":{"line":1,"column":25},"end":{"line":5,"column":25}}]},"2":{"type":"branch","line":5,"loc":{"start":{"line":5,"column":2},"end":{"line":6,"column":37}},"locations":[{"start":{"line":5,"column":2},"end":{"line":6,"column":37}}]}},"b":{"0":[2],"1":[2],"2":[2]},"fnMap":{"0":{"name":"<instance_members_initializer>","decl":{"start":{"line":1,"column":0},"end":{"line":6,"column":46}},"loc":{"start":{"line":1,"column":0},"end":{"line":6,"column":46}},"line":1},"1":{"name":"_validateRequiredFields","decl":{"start":{"line":1,"column":25},"end":{"line":5,"column":25}},"loc":{"start":{"line":1,"column":25},"end":{"line":5,"column":25}},"line":1},"2":{"name":"_create","decl":{"start":{"line":5,"column":2},"end":{"line":6,"column":37}},"loc":{"start":{"line":5,"column":2},"end":{"line":6,"column":37}},"line":5}},"f":{"0":2,"1":2,"2":2}}
,"/Users/kleberfreire/Courses/js_expert_HQ/curso-js-expert/modulo07-Behavioral/behivioral/03.template-method/src/business/base/baseBusiness.js": {"path":"/Users/kleberfreire/Courses/js_expert_HQ/curso-js-expert/modulo07-Behavioral/behivioral/03.template-method/src/business/base/baseBusiness.js","all":false,"statementMap":{"0":{"start":{"line":1,"column":0},"end":{"line":1,"column":66}},"1":{"start":{"line":2,"column":0},"end":{"line":2,"column":0}},"2":{"start":{"line":3,"column":0},"end":{"line":3,"column":0}},"3":{"start":{"line":4,"column":0},"end":{"line":4,"column":0}},"4":{"start":{"line":5,"column":0},"end":{"line":5,"column":20}},"5":{"start":{"line":6,"column":0},"end":{"line":6,"column":33}},"6":{"start":{"line":7,"column":0},"end":{"line":7,"column":73}},"7":{"start":{"line":8,"column":0},"end":{"line":8,"column":3}},"8":{"start":{"line":9,"column":0},"end":{"line":9,"column":17}},"9":{"start":{"line":10,"column":0},"end":{"line":10,"column":57}},"10":{"start":{"line":11,"column":0},"end":{"line":11,"column":3}},"11":{"start":{"line":12,"column":0},"end":{"line":12,"column":0}},"12":{"start":{"line":13,"column":0},"end":{"line":13,"column":4}},"13":{"start":{"line":14,"column":0},"end":{"line":14,"column":27}},"14":{"start":{"line":15,"column":0},"end":{"line":15,"column":96}},"15":{"start":{"line":16,"column":0},"end":{"line":16,"column":0}},"16":{"start":{"line":17,"column":0},"end":{"line":17,"column":60}},"17":{"start":{"line":18,"column":0},"end":{"line":18,"column":4}},"18":{"start":{"line":19,"column":0},"end":{"line":19,"column":16}},"19":{"start":{"line":20,"column":0},"end":{"line":20,"column":53}},"20":{"start":{"line":21,"column":0},"end":{"line":21,"column":17}},"21":{"start":{"line":22,"column":0},"end":{"line":22,"column":39}},"22":{"start":{"line":23,"column":0},"end":{"line":23,"column":5}},"23":{"start":{"line":24,"column":0},"end":{"line":24,"column":0}},"24":{"start":{"line":25,"column":0},"end":{"line":25,"column":30}},"25":{"start":{"line":26,"column":0},"end":{"line":26,"column":21}},"26":{"start":{"line":27,"column":0},"end":{"line":27,"column":22}},"27":{"start":{"line":28,"column":0},"end":{"line":28,"column":3}},"28":{"start":{"line":29,"column":0},"end":{"line":29,"column":1}},"29":{"start":{"line":30,"column":0},"end":{"line":30,"column":0}},"30":{"start":{"line":31,"column":0},"end":{"line":31,"column":28}}},"s":{"0":1,"1":1,"2":1,"3":1,"4":1,"5":1,"6":1,"7":1,"8":1,"9":1,"10":1,"11":1,"12":1,"13":1,"14":5,"15":5,"16":1,"17":1,"18":1,"19":5,"20":3,"21":1,"22":1,"23":1,"24":1,"25":1,"26":1,"27":1,"28":1,"29":1,"30":1},"branchMap":{"0":{"type":"branch","line":1,"loc":{"start":{"line":1,"column":0},"end":{"line":6,"column":25}},"locations":[{"start":{"line":1,"column":0},"end":{"line":6,"column":25}}]},"1":{"type":"branch","line":6,"loc":{"start":{"line":6,"column":25},"end":{"line":7,"column":71}},"locations":[{"start":{"line":6,"column":25},"end":{"line":7,"column":71}}]},"2":{"type":"branch","line":15,"loc":{"start":{"line":15,"column":0},"end":{"line":22,"column":37}},"locations":[{"start":{"line":15,"column":0},"end":{"line":22,"column":37}}]},"3":{"type":"branch","line":17,"loc":{"start":{"line":17,"column":0},"end":{"line":20,"column":46}},"locations":[{"start":{"line":17,"column":0},"end":{"line":20,"column":46}}]},"4":{"type":"branch","line":20,"loc":{"start":{"line":20,"column":23},"end":{"line":22,"column":37}},"locations":[{"start":{"line":20,"column":23},"end":{"line":22,"column":37}}]}},"b":{"0":[1],"1":[1],"2":[5],"3":[1],"4":[3]},"fnMap":{"0":{"name":"_validateRequiredFields","decl":{"start":{"line":1,"column":0},"end":{"line":6,"column":25}},"loc":{"start":{"line":1,"column":0},"end":{"line":6,"column":25}},"line":1},"1":{"name":"_create","decl":{"start":{"line":6,"column":25},"end":{"line":7,"column":71}},"loc":{"start":{"line":6,"column":25},"end":{"line":7,"column":71}},"line":6},"2":{"name":"create","decl":{"start":{"line":15,"column":0},"end":{"line":22,"column":37}},"loc":{"start":{"line":15,"column":0},"end":{"line":22,"column":37}},"line":15}},"f":{"0":1,"1":1,"2":5}}
,"/Users/kleberfreire/Courses/js_expert_HQ/curso-js-expert/modulo07-Behavioral/behivioral/03.template-method/src/entities/order.js": {"path":"/Users/kleberfreire/Courses/js_expert_HQ/curso-js-expert/modulo07-Behavioral/behivioral/03.template-method/src/entities/order.js","all":false,"statementMap":{"0":{"start":{"line":1,"column":0},"end":{"line":1,"column":28}},"1":{"start":{"line":2,"column":0},"end":{"line":2,"column":49}},"2":{"start":{"line":3,"column":0},"end":{"line":3,"column":33}},"3":{"start":{"line":4,"column":0},"end":{"line":4,"column":25}},"4":{"start":{"line":5,"column":0},"end":{"line":5,"column":29}},"5":{"start":{"line":6,"column":0},"end":{"line":6,"column":3}},"6":{"start":{"line":7,"column":0},"end":{"line":7,"column":1}}},"s":{"0":2,"1":2,"2":1,"3":1,"4":1,"5":1,"6":1},"branchMap":{"0":{"type":"branch","line":1,"loc":{"start":{"line":1,"column":0},"end":{"line":3,"column":8}},"locations":[{"start":{"line":1,"column":0},"end":{"line":3,"column":8}}]}},"b":{"0":[2]},"fnMap":{"0":{"name":"Order","decl":{"start":{"line":1,"column":0},"end":{"line":3,"column":8}},"loc":{"start":{"line":1,"column":0},"end":{"line":3,"column":8}},"line":1}},"f":{"0":2}}
,"/Users/kleberfreire/Courses/js_expert_HQ/curso-js-expert/modulo07-Behavioral/behivioral/03.template-method/src/util/exception.js": {"path":"/Users/kleberfreire/Courses/js_expert_HQ/curso-js-expert/modulo07-Behavioral/behivioral/03.template-method/src/util/exception.js","all":false,"statementMap":{"0":{"start":{"line":1,"column":0},"end":{"line":1,"column":45}},"1":{"start":{"line":2,"column":0},"end":{"line":2,"column":24}},"2":{"start":{"line":3,"column":0},"end":{"line":3,"column":57}},"3":{"start":{"line":4,"column":0},"end":{"line":4,"column":0}},"4":{"start":{"line":5,"column":0},"end":{"line":5,"column":42}},"5":{"start":{"line":6,"column":0},"end":{"line":6,"column":3}},"6":{"start":{"line":7,"column":0},"end":{"line":7,"column":1}},"7":{"start":{"line":8,"column":0},"end":{"line":8,"column":0}},"8":{"start":{"line":9,"column":0},"end":{"line":9,"column":36}}},"s":{"0":4,"1":4,"2":1,"3":1,"4":1,"5":1,"6":1,"7":1,"8":1},"branchMap":{"0":{"type":"branch","line":1,"loc":{"start":{"line":1,"column":0},"end":{"line":3,"column":20}},"locations":[{"start":{"line":1,"column":0},"end":{"line":3,"column":20}}]}},"b":{"0":[4]},"fnMap":{"0":{"name":"NotImplementedException","decl":{"start":{"line":1,"column":0},"end":{"line":3,"column":20}},"loc":{"start":{"line":1,"column":0},"end":{"line":3,"column":20}},"line":1}},"f":{"0":4}}
}
