TN:
SF:src/business/orderBusiness.js
FN:1,<instance_members_initializer>
FN:1,_validateRequiredFields
FN:5,_create
FNF:3
FNH:3
FNDA:2,<instance_members_initializer>
FNDA:2,_validateRequiredFields
FNDA:2,_create
DA:1,2
DA:2,2
DA:3,2
DA:4,2
DA:5,2
DA:6,1
DA:7,1
DA:8,1
DA:9,1
DA:10,1
DA:11,1
DA:12,1
DA:13,1
LF:13
LH:13
BRDA:1,0,0,2
BRDA:1,1,0,2
BRDA:5,2,0,2
BRF:3
BRH:3
end_of_record
TN:
SF:src/business/base/baseBusiness.js
FN:1,_validateRequiredFields
FN:6,_create
FN:15,create
FNF:3
FNH:3
FNDA:1,_validateRequiredFields
FNDA:1,_create
FNDA:5,create
DA:1,1
DA:2,1
DA:3,1
DA:4,1
DA:5,1
DA:6,1
DA:7,1
DA:8,1
DA:9,1
DA:10,1
DA:11,1
DA:12,1
DA:13,1
DA:14,1
DA:15,5
DA:16,5
DA:17,1
DA:18,1
DA:19,1
DA:20,5
DA:21,3
DA:22,1
DA:23,1
DA:24,1
DA:25,1
DA:26,1
DA:27,1
DA:28,1
DA:29,1
DA:30,1
DA:31,1
LF:31
LH:31
BRDA:1,0,0,1
BRDA:6,1,0,1
BRDA:15,2,0,5
BRDA:17,3,0,1
BRDA:20,4,0,3
BRF:5
BRH:5
end_of_record
TN:
SF:src/entities/order.js
FN:1,Order
FNF:1
FNH:1
FNDA:2,Order
DA:1,2
DA:2,2
DA:3,1
DA:4,1
DA:5,1
DA:6,1
DA:7,1
LF:7
LH:7
BRDA:1,0,0,2
BRF:1
BRH:1
end_of_record
TN:
SF:src/util/exception.js
FN:1,NotImplementedException
FNF:1
FNH:1
FNDA:4,NotImplementedException
DA:1,4
DA:2,4
DA:3,1
DA:4,1
DA:5,1
DA:6,1
DA:7,1
DA:8,1
DA:9,1
LF:9
LH:9
BRDA:1,0,0,4
BRF:1
BRH:1
end_of_record
